{
  "stats": {
    "suites": 3,
    "tests": 3,
    "passes": 3,
    "pending": 0,
    "failures": 0,
    "start": "2021-05-01T18:02:46.030Z",
    "end": "2021-05-01T18:03:48.900Z",
    "duration": 62870,
    "testsRegistered": 3,
    "passPercent": 100,
    "pendingPercent": 0,
    "other": 0,
    "hasOther": false,
    "skipped": 0,
    "hasSkipped": false
  },
  "results": [
    {
      "uuid": "aa1d5c72-44c9-4109-8485-e08e5fc25d88",
      "title": "",
      "fullFile": "cypress/integration/tests_script/sample_test.js",
      "file": "cypress/integration/tests_script/sample_test.js",
      "beforeHooks": [],
      "afterHooks": [],
      "tests": [],
      "suites": [
        {
          "uuid": "acb116db-85b1-47d5-aae1-bc871b395609",
          "title": "Go to Website & verify",
          "fullFile": "",
          "file": "",
          "beforeHooks": [],
          "afterHooks": [],
          "tests": [
            {
              "title": "open url",
              "fullTitle": "Go to Website & verify open url",
              "timedOut": null,
              "duration": 42235,
              "state": "passed",
              "speed": "slow",
              "pass": true,
              "fail": false,
              "pending": false,
              "context": null,
              "code": "cy.visit('https://datagardener.com/');\ncy.contains('Login');\ncy.contains('Login').click(); // cy.url().should('include', '/login')",
              "err": {},
              "uuid": "d0d5badb-1f87-420a-8239-bcccfaa6e7fb",
              "parentUUID": "acb116db-85b1-47d5-aae1-bc871b395609",
              "isHook": false,
              "skipped": false
            }
          ],
          "suites": [],
          "passes": [
            "d0d5badb-1f87-420a-8239-bcccfaa6e7fb"
          ],
          "failures": [],
          "pending": [],
          "skipped": [],
          "duration": 42235,
          "root": false,
          "rootEmpty": false,
          "_timeout": 2000
        },
        {
          "uuid": "48061aca-6fe6-4a59-b2c6-4bae27af5304",
          "title": "Login Journy",
          "fullFile": "",
          "file": "",
          "beforeHooks": [],
          "afterHooks": [],
          "tests": [
            {
              "title": "Login with user email & Password",
              "fullTitle": "Login Journy Login with user email & Password",
              "timedOut": null,
              "duration": 5244,
              "state": "passed",
              "speed": "slow",
              "pass": true,
              "fail": false,
              "pending": false,
              "context": null,
              "code": "cy.url().should('eq', 'https://app.datagardener.com/login');\ncy.get('input[name=email]').type('sunil.kumawat@tecdune.com');\ncy.get('input[name=password]').type('Welcome#123');\ncy.contains('Log In').click();\ncy.screenshot();",
              "err": {},
              "uuid": "f212c029-8eb5-4300-a30f-def055cf0bb0",
              "parentUUID": "48061aca-6fe6-4a59-b2c6-4bae27af5304",
              "isHook": false,
              "skipped": false
            }
          ],
          "suites": [],
          "passes": [
            "f212c029-8eb5-4300-a30f-def055cf0bb0"
          ],
          "failures": [],
          "pending": [],
          "skipped": [],
          "duration": 5244,
          "root": false,
          "rootEmpty": false,
          "_timeout": 2000
        },
        {
          "uuid": "d408c196-5270-4b3a-b673-1d2f0af65d7c",
          "title": "Verify Title",
          "fullFile": "",
          "file": "",
          "beforeHooks": [],
          "afterHooks": [],
          "tests": [
            {
              "title": "Title should matched",
              "fullTitle": "Verify Title Title should matched",
              "timedOut": null,
              "duration": 1671,
              "state": "passed",
              "speed": "slow",
              "pass": true,
              "fail": false,
              "pending": false,
              "context": null,
              "code": "cy.title().should('eq', 'DataGardener- Get Free company information from Companies House');\ncy.contains('All Rights Reserved');\ncy.end();",
              "err": {},
              "uuid": "a9b40126-a0bb-4c08-90fe-978649ccfe72",
              "parentUUID": "d408c196-5270-4b3a-b673-1d2f0af65d7c",
              "isHook": false,
              "skipped": false
            }
          ],
          "suites": [],
          "passes": [
            "a9b40126-a0bb-4c08-90fe-978649ccfe72"
          ],
          "failures": [],
          "pending": [],
          "skipped": [],
          "duration": 1671,
          "root": false,
          "rootEmpty": false,
          "_timeout": 2000
        }
      ],
      "passes": [],
      "failures": [],
      "pending": [],
      "skipped": [],
      "duration": 0,
      "root": true,
      "rootEmpty": true,
      "_timeout": 2000
    }
  ],
  "meta": {
    "mocha": {
      "version": "7.0.1"
    },
    "mochawesome": {
      "options": {
        "quiet": false,
        "reportFilename": "mochawesome",
        "saveHtml": false,
        "saveJson": true,
        "consoleReporter": "spec",
        "useInlineDiffs": false,
        "code": true
      },
      "version": "6.2.2"
    },
    "marge": {
      "options": {
        "id": "default",
        "reportDir": "cypress/reports/mocha",
        "quite": true,
        "overwrite": false,
        "html": false,
        "json": true
      },
      "version": "5.2.0"
    }
  }
}